af01afs.jpg	/stimuli/af01afs.jpg.bmp	Image	70618	8984951
af01has.jpg	/stimuli/af01has.jpg.bmp	Image	70618	8979280
af01nes.jpg	/stimuli/af01nes.jpg.bmp	Image	70618	9024055
af02afs.jpg	/stimuli/af02afs.jpg.bmp	Image	70618	9000594
af02has.jpg	/stimuli/af02has.jpg.bmp	Image	70618	9008404
af02nes.jpg	/stimuli/af02nes.jpg.bmp	Image	70618	9032811
af03afs.jpg	/stimuli/af03afs.jpg.bmp	Image	70618	8981817
af03has.jpg	/stimuli/af03has.jpg.bmp	Image	70618	8984730
af03nes.jpg	/stimuli/af03nes.jpg.bmp	Image	70618	8981037
af04afs.jpg	/stimuli/af04afs.jpg.bmp	Image	70618	8999052
af04has.jpg	/stimuli/af04has.jpg.bmp	Image	70618	9006713
af04nes.jpg	/stimuli/af04nes.jpg.bmp	Image	70618	8995074
af07afs.jpg	/stimuli/af07afs.jpg.bmp	Image	70618	9008874
af07has.jpg	/stimuli/af07has.jpg.bmp	Image	70618	8972345
af07nes.jpg	/stimuli/af07nes.jpg.bmp	Image	70618	9016682
af09afs.jpg	/stimuli/af09afs.jpg.bmp	Image	70618	8999926
af09has.jpg	/stimuli/af09has.jpg.bmp	Image	70618	8994178
af09nes.jpg	/stimuli/af09nes.jpg.bmp	Image	70618	9017314
af11has.jpg	/stimuli/af11has.jpg.bmp	Image	70618	8996558
af11nes.jpg	/stimuli/af11nes.jpg.bmp	Image	70618	8975060
af13has.jpg	/stimuli/af13has.jpg.bmp	Image	70618	8972506
af13nes.jpg	/stimuli/af13nes.jpg.bmp	Image	70618	9048795
af14afs.jpg	/stimuli/af14afs.jpg.bmp	Image	70618	9027614
af14has.jpg	/stimuli/af14has.jpg.bmp	Image	70618	8982032
af14nes.jpg	/stimuli/af14nes.jpg.bmp	Image	70618	9024923
af17afs.jpg	/stimuli/af17afs.jpg.bmp	Image	70618	8995818
af17has.jpg	/stimuli/af17has.jpg.bmp	Image	70618	9006376
af17nes.jpg	/stimuli/af17nes.jpg.bmp	Image	70618	9053079
af19afs.jpg	/stimuli/af19afs.jpg.bmp	Image	70618	8998960
af19has.jpg	/stimuli/af19has.jpg.bmp	Image	70618	8985270
af19nes.jpg	/stimuli/af19nes.jpg.bmp	Image	70618	8985604
af20afs.jpg	/stimuli/af20afs.jpg.bmp	Image	70618	8982303
af20has.jpg	/stimuli/af20has.jpg.bmp	Image	70618	9011163
af20nes.jpg	/stimuli/af20nes.jpg.bmp	Image	70618	9004933
af21afs.jpg	/stimuli/af21afs.jpg.bmp	Image	70618	8978789
af21has.jpg	/stimuli/af21has.jpg.bmp	Image	70618	8992311
af21nes.jpg	/stimuli/af21nes.jpg.bmp	Image	70618	9007381
af22afs.jpg	/stimuli/af22afs.jpg.bmp	Image	70618	9026482
af22has.jpg	/stimuli/af22has.jpg.bmp	Image	70618	9014751
af22nes.jpg	/stimuli/af22nes.jpg.bmp	Image	70618	9036846
af25afs.jpg	/stimuli/af25afs.jpg.bmp	Image	70618	8992841
af25has.jpg	/stimuli/af25has.jpg.bmp	Image	70618	8999717
af25nes.jpg	/stimuli/af25nes.jpg.bmp	Image	70618	8991860
af26afs.jpg	/stimuli/af26afs.jpg.bmp	Image	70618	9014829
af26has.jpg	/stimuli/af26has.jpg.bmp	Image	70618	9000845
af26nes.jpg	/stimuli/af26nes.jpg.bmp	Image	70618	9020845
am01afs.jpg	/stimuli/am01afs.jpg.bmp	Image	70618	8998521
am01has.jpg	/stimuli/am01has.jpg.bmp	Image	70618	8969972
am01nes.jpg	/stimuli/am01nes.jpg.bmp	Image	70618	8953372
am02afs.jpg	/stimuli/am02afs.jpg.bmp	Image	70618	9038630
am02has.jpg	/stimuli/am02has.jpg.bmp	Image	70618	9000664
am02nes.jpg	/stimuli/am02nes.jpg.bmp	Image	70618	9013603
am03afs.jpg	/stimuli/am03afs.jpg.bmp	Image	70618	8991028
am03has.jpg	/stimuli/am03has.jpg.bmp	Image	70618	8998184
am03nes.jpg	/stimuli/am03nes.jpg.bmp	Image	70618	8995399
am05afs.jpg	/stimuli/am05afs.jpg.bmp	Image	70618	9012438
am05has.jpg	/stimuli/am05has.jpg.bmp	Image	70618	8958353
am05nes.jpg	/stimuli/am05nes.jpg.bmp	Image	70618	8989958
am06afs.jpg	/stimuli/am06afs.jpg.bmp	Image	70618	9034469
am06has.jpg	/stimuli/am06has.jpg.bmp	Image	70618	8977953
am06nes.jpg	/stimuli/am06nes.jpg.bmp	Image	70618	9024642
am08afs.jpg	/stimuli/am08afs.jpg.bmp	Image	70618	9037867
am08has.jpg	/stimuli/am08has.jpg.bmp	Image	70618	9022890
am08nes.jpg	/stimuli/am08nes.jpg.bmp	Image	70618	8969105
am10afs.jpg	/stimuli/am10afs.jpg.bmp	Image	70618	9013598
am10has.jpg	/stimuli/am10has.jpg.bmp	Image	70618	8993247
am10nes.jpg	/stimuli/am10nes.jpg.bmp	Image	70618	8972785
am11afs.jpg	/stimuli/am11afs.jpg.bmp	Image	70618	8982703
am11has.jpg	/stimuli/am11has.jpg.bmp	Image	70618	9000756
am11nes.jpg	/stimuli/am11nes.jpg.bmp	Image	70618	9003028
am14afs.jpg	/stimuli/am14afs.jpg.bmp	Image	70618	8989125
am14has.jpg	/stimuli/am14has.jpg.bmp	Image	70618	9009552
am14nes.jpg	/stimuli/am14nes.jpg.bmp	Image	70618	8991864
am17afs.jpg	/stimuli/am17afs.jpg.bmp	Image	70618	9028681
am17has.jpg	/stimuli/am17has.jpg.bmp	Image	70618	9004117
am17nes.jpg	/stimuli/am17nes.jpg.bmp	Image	70618	8998474
am18afs.jpg	/stimuli/am18afs.jpg.bmp	Image	70618	9034552
am18has.jpg	/stimuli/am18has.jpg.bmp	Image	70618	9026303
am18nes.jpg	/stimuli/am18nes.jpg.bmp	Image	70618	8998025
am19dis.jpg	/stimuli/am19dis.jpg.bmp	Image	70618	9011628
am19has.jpg	/stimuli/am19has.jpg.bmp	Image	70618	9007621
am22afs.jpg	/stimuli/am22afs.jpg.bmp	Image	70618	9007642
am22has.jpg	/stimuli/am22has.jpg.bmp	Image	70618	8979075
am22nes.jpg	/stimuli/am22nes.jpg.bmp	Image	70618	9038191
am23afs.jpg	/stimuli/am23afs.jpg.bmp	Image	70618	8976417
am23has.jpg	/stimuli/am23has.jpg.bmp	Image	70618	9010843
am23nes.jpg	/stimuli/am23nes.jpg.bmp	Image	70618	9002311
am24afs.jpg	/stimuli/am24afs.jpg.bmp	Image	70618	9006450
am24has.jpg	/stimuli/am24has.jpg.bmp	Image	70618	9017856
am24nes.jpg	/stimuli/am24nes.jpg.bmp	Image	70618	9023344
am26has.jpg	/stimuli/am26has.jpg.bmp	Image	70618	8999238
am26nes.jpg	/stimuli/am26nes.jpg.bmp	Image	70618	8986067
gabor_anti_percept	/stimuli/gabor_anti_percept.jpg	Image	27965	3569422
gabor_percept	/stimuli/gabor_percept.jpg	Image	27927	3554296
sama_1	/stimuli/sama_1.bmp	Image	152278	19456408
sama_2	/stimuli/sama_2.bmp	Image	152278	19444545
sama_3	/stimuli/sama_3.bmp	Image	152278	19436554
sama_4	/stimuli/sama_4.bmp	Image	152278	19445263
sama_5	/stimuli/sama_5.bmp	Image	152278	19449940
sama_6	/stimuli/sama_6.bmp	Image	152278	19455183
sama_7	/stimuli/sama_7.bmp	Image	152278	19405014
sama_8	/stimuli/sama_8.bmp	Image	152278	19408348
sama_9	/stimuli/sama_9.bmp	Image	152278	19419784
samv_1	/stimuli/samv_1.bmp	Image	153178	19646228
samv_2	/stimuli/samv_2.bmp	Image	153178	19640768
samv_3	/stimuli/samv_3.bmp	Image	153178	19587525
samv_4	/stimuli/samv_4.bmp	Image	153178	19655607
samv_5	/stimuli/samv_5.bmp	Image	153178	19636751
samv_6	/stimuli/samv_6.bmp	Image	153178	19629268
samv_7	/stimuli/samv_7.bmp	Image	153178	19625180
samv_8	/stimuli/samv_8.bmp	Image	153178	19637577
samv_9	/stimuli/samv_9.bmp	Image	153178	19601151
gabor2new	/stimuli/gabor2new.jpg	Image	23249	2969925
gabor3new	/stimuli/gabor3new.jpg	Image	23231	2974048
