Scenario - 
Logfile written - 04/17/2023 14:31:51

Subject	Trial	Event Type	Code	Time	TTime	Uncertainty	Duration	Uncertainty	ReqTime	ReqDur	Stim Type	Pair Index

test	1	Response	1	5586	5419	1
test	2	Picture	pain_rating	5671	0	1	3836	1	0	next	other	0
test	2	Response	1	9426	3755	1
test	3	Picture	shock1	9507	0	1	167	1	0	20	other	0
test	4	Picture	pain_rating	12843	0	1	3837	1	0	next	other	0
test	4	Response	1	16625	3782	1
test	5	Picture	shock1	16680	0	1	167	1	0	20	other	0
test	6	Picture	pain_rating	20016	0	1	2669	1	0	next	other	0
test	6	Response	1	22626	2610	1
test	7	Picture	shock1	22685	0	1	167	1	0	20	other	0
test	8	Picture	pain_rating	26021	0	1	2335	1	0	next	other	0
test	8	Response	1	28226	2205	1
test	9	Picture	shock1	28356	0	1	167	1	0	20	other	0
test	10	Picture	pain_rating	31692	0	1	2335	1	0	next	other	0
test	10	Response	1	33906	2214	1
test	11	Picture	shock1	34027	0	1	167	1	0	20	other	0
test	12	Picture	pain_rating	37363	0	1	2502	1	0	next	other	0
test	12	Response	2	39666	2302	1
test	13	Picture	shock1	39865	0	1	167	1	0	20	other	0
