Scenario - 
Logfile written - 07/16/2024 12:09:49

Subject	Trial	Event Type	Code	Time	TTime	Uncertainty	Duration	Uncertainty	ReqTime	ReqDur	Stim Type	Pair Index

test	1	Response	1	8422	8256	1
test	2	Picture	pain_rating	8506	0	1	83067	1	0	next	other	0
test	2	Response	1	88821	80315	1
test	2	Response	2	91303	82797	1
test	7	Picture	pain_rating	94743	0	1	3169	1	0	next	other	0
test	7	Response	2	97620	2877	1
test	12	Picture	pain_rating	101081	0	1	2502	1	0	next	other	0
test	12	Response	2	103381	2300	1
test	17	Picture	pain_rating	106752	0	1	2669	1	0	next	other	0
test	17	Response	2	109141	2388	1
test	22	Picture	pain_rating	112590	0	1	2503	2	0	next	other	0
test	22	Response	2	114900	2310	1
test	27	Picture	pain_rating	118262	0	1	2669	1	0	next	other	0
test	27	Response	2	120660	2398	1
test	32	Picture	pain_rating	124100	0	1	2502	1	0	next	other	0
test	32	Response	2	126420	2320	1
test	37	Picture	pain_rating	129771	0	1	3002	1	0	next	other	0
test	37	Response	2	132581	2810	1
test	42	Picture	pain_rating	135943	0	1	3002	1	0	next	other	0
test	42	Response	2	138661	2719	1
test	47	Picture	pain_rating	142114	0	1	2335	1	0	next	other	0
test	47	Response	2	144260	2146	1
test	52	Picture	pain_rating	147619	0	1	6005	1	0	next	other	0
test	52	Response	2	153301	5682	1
test	57	Picture	pain_rating	156793	0	1	2168	1	0	next	other	0
test	57	Response	2	158661	1868	1
test	62	Picture	pain_rating	162131	0	1	3002	1	0	next	other	0
test	62	Response	2	164900	2769	1
test	67	Picture	pain_rating	168302	0	1	2836	1	0	next	other	0
test	67	Response	2	170820	2518	1
test	72	Picture	pain_rating	174307	0	1	2669	1	0	next	other	0
test	72	Response	2	176740	2433	1
test	77	Picture	pain_rating	180145	0	1	2502	1	0	next	other	0
test	77	Response	2	182420	2275	1
test	82	Picture	pain_rating	185816	0	1	2669	1	0	next	other	0
test	82	Response	2	188181	2364	1
test	87	Picture	pain_rating	191655	0	1	2502	1	0	next	other	0
test	87	Response	2	193940	2285	1
test	92	Picture	pain_rating	197326	0	1	2669	1	0	next	other	0
test	92	Response	2	199700	2375	1
test	97	Picture	pain_rating	203164	0	1	2836	1	0	next	other	0
test	97	Response	2	205780	2616	1
test	102	Picture	pain_rating	209169	0	1	2502	1	0	next	other	0
test	102	Response	2	211380	2211	1
test	107	Picture	pain_rating	214840	0	1	8674	1	0	next	other	0
test	107	Response	2	223220	8380	1
test	112	Picture	pain_rating	226683	0	1	5171	1	0	next	other	0
test	112	Response	2	231540	4858	1
test	117	Picture	pain_rating	235023	0	1	340943	1	0	next	other	0
test	117	Response	2	575697	340674	1
test	122	Picture	pain_rating	579135	0	1	31192	1	0	next	other	0
test	122	Response	2	610017	30882	1
test	127	Picture	pain_rating	613496	0	1	15012	1	0	next	other	0
test	127	Response	2	628257	14760	1
test	132	Picture	pain_rating	631678	0	1	6505	1	0	next	other	0
test	132	Response	2	637857	6179	1
test	137	Picture	pain_rating	641352	0	1	17848	1	0	next	other	0
test	137	Response	2	658896	17544	1
test	142	Picture	pain_rating	662369	0	1	11509	1	0	next	other	0
test	142	Response	2	673537	11167	1
test	147	Picture	pain_rating	677048	0	1	47372	1	0	next	other	0
test	147	Response	2	724175	47128	1
test	152	Picture	pain_rating	727589	0	1	6172	1	0	next	other	0
test	152	Response	2	733536	5947	1
test	157	Picture	pain_rating	736930	0	1	7172	1	0	next	other	0
test	157	Response	2	743776	6846	1
test	162	Picture	pain_rating	747271	0	1	6172	1	0	next	other	0
test	162	Response	2	753136	5865	1
test	167	Picture	pain_rating	756612	0	1	5671	1	0	next	other	0
test	167	Response	2	761936	5324	1
test	172	Picture	pain_rating	765453	0	1	8173	1	0	next	other	0
test	172	Response	2	773376	7923	1
test	177	Picture	pain_rating	776795	0	1	5838	1	0	next	other	0
test	177	Response	2	782414	5619	1
test	182	Picture	pain_rating	785802	0	1	6005	1	0	next	other	0
test	182	Response	2	791455	5653	1
test	186	Response	2	792895	1088	1
test	187	Picture	pain_rating	794977	0	1	8514	1	0	next	other	0
test	187	Quit		799297	4320	NA
