Scenario - 
Logfile written - 07/16/2024 16:27:31

Subject	Trial	Event Type	Code	Time	TTime	Uncertainty	Duration	Uncertainty	ReqTime	ReqDur	Stim Type	Pair Index

	1	Response	1	247538	247469	1
	2	Picture	pain_rating	247677	0	1	76053	1	0	next	other	0
	2	Response	1	314499	66822	1
	2	Response	2	323539	75862	1
	7	Picture	pain_rating	326786	0	1	20698	1	0	next	other	0
	7	Response	2	347299	20512	1
	12	Picture	pain_rating	350540	0	1	82791	1	0	next	other	0
	12	Response	2	433139	82599	1
	17	Picture	pain_rating	436387	0	1	8612	1	0	next	other	0
	17	Response	2	444818	8432	1
	22	Picture	pain_rating	448055	0	1	6668	1	0	next	other	0
	22	Response	2	454498	6443	1
	27	Picture	pain_rating	457779	0	1	6529	1	0	next	other	0
	27	Response	2	464098	6320	1
	32	Picture	pain_rating	467364	0	1	5695	1	0	next	other	0
	32	Response	2	472818	5455	1
	37	Picture	pain_rating	476115	0	1	4237	1	0	next	other	0
	37	Response	2	480178	4063	1
	42	Picture	pain_rating	483408	0	1	5979	1	0	next	other	0
	42	Quit		484899	1491	NA
