Scenario - 
Logfile written - 04/17/2023 14:34:39

Subject	Trial	Event Type	Code	Time	TTime	Uncertainty	Duration	Uncertainty	ReqTime	ReqDur	Stim Type	Pair Index

test	1	Response	1	18007	17840	1
test	2	Picture	pain_rating	18181	0	1	8507	1	0	next	other	0
test	2	Response	1	26566	8385	1
test	3	Picture	shock1	26688	0	1	167	1	0	20	other	0
test	4	Picture	pain_rating	30024	0	1	3837	1	0	next	other	0
test	4	Response	1	33686	3662	1
test	5	Picture	shock1	33861	0	1	167	1	0	20	other	0
test	6	Picture	pain_rating	37197	0	1	3169	2	0	next	other	0
test	6	Response	1	40167	2970	1
test	7	Picture	shock1	40366	0	2	167	2	0	20	other	0
test	8	Picture	pain_rating	43702	0	1	3169	1	0	next	other	0
test	8	Response	1	46727	3025	1
test	9	Picture	shock1	46871	0	1	167	1	0	20	other	0
test	10	Picture	pain_rating	50207	0	1	3503	1	0	next	other	0
test	10	Response	1	53606	3399	1
test	11	Picture	shock1	53710	0	1	167	1	0	20	other	0
test	12	Picture	pain_rating	57046	0	1	9128	1	0	next	other	0
test	12	Response	2	62326	5280	1
