Scenario - 
Logfile written - 04/17/2023 14:32:30

Subject	Trial	Event Type	Code	Time	TTime	Uncertainty	Duration	Uncertainty	ReqTime	ReqDur	Stim Type	Pair Index

test	1	Response	1	3143	2976	1
test	2	Picture	pain_rating	3336	0	1	3169	1	0	next	other	0
test	2	Response	1	6423	3087	1
test	3	Picture	shock1	6505	0	1	167	1	0	20	other	0
test	4	Picture	pain_rating	9841	0	1	1168	1	0	next	other	0
test	4	Response	1	10902	1061	1
test	5	Picture	shock1	11009	0	1	167	1	0	20	other	0
test	6	Picture	pain_rating	14345	0	1	1334	1	0	next	other	0
test	6	Response	1	15623	1278	1
test	7	Picture	shock1	15679	0	1	167	1	0	20	other	0
test	8	Picture	pain_rating	19015	0	1	1501	1	0	next	other	0
test	8	Response	1	20343	1328	1
test	9	Picture	shock1	20516	0	1	167	1	0	20	other	0
test	10	Picture	pain_rating	23852	0	1	1668	1	0	next	other	0
test	10	Response	1	25463	1611	1
test	11	Picture	shock1	25520	0	1	167	1	0	20	other	0
test	12	Picture	pain_rating	28857	0	1	6621	1	0	next	other	0
test	12	Response	2	31383	2527	1
