Scenario - 
Logfile written - 07/16/2024 12:00:20

Subject	Trial	Event Type	Code	Time	TTime	Uncertainty	Duration	Uncertainty	ReqTime	ReqDur	Stim Type	Pair Index

#	1	Response	1	62511	62345	1
#	2	Picture	pain_rating	63050	0	1	62551	1	0	next	other	0
#	2	Response	1	106831	43780	1
#	2	Response	1	112030	48980	1
#	2	Response	1	114031	50980	1
#	2	Response	1	115790	52740	1
#	2	Response	2	122270	59220	1
#	6	Picture	pain_rating	125601	0	1	14845	1	0	next	other	0
#	6	Response	2	137070	11469	1
#	10	Picture	pain_rating	140446	0	1	15346	1	0	next	other	0
#	10	Response	2	152510	12064	1
#	14	Picture	pain_rating	155792	0	1	42868	1	0	next	other	0
#	14	Response	2	195389	39597	1
#	18	Picture	pain_rating	198660	0	1	53710	1	0	next	other	0
#	18	Response	2	249149	50489	1
#	22	Picture	pain_rating	252370	0	1	27522	1	0	next	other	0
#	22	Response	2	276669	24299	1
#	26	Picture	pain_rating	279893	0	1	5696	1	0	next	other	0
#	26	Quit		281390	1498	NA
