Scenario - 
Logfile written - 04/17/2023 14:34:05

Subject	Trial	Event Type	Code	Time	TTime	Uncertainty	Duration	Uncertainty	ReqTime	ReqDur	Stim Type	Pair Index

test	1	Response	1	4421	4255	1
test	2	Picture	pain_rating	4503	0	1	2669	2	0	next	other	0
test	2	Response	1	6981	2478	1
test	3	Picture	shock1	7172	0	1	167	1	0	20	other	0
test	3	Response	1	8581	1409	1
test	4	Picture	pain_rating	10508	0	1	667	1	0	next	other	0
test	4	Response	1	11061	553	1
test	5	Picture	shock1	11175	0	1	167	1	0	20	other	0
test	5	Response	1	12420	1245	1
test	6	Picture	pain_rating	14511	0	1	500	1	0	next	other	0
test	6	Response	1	14901	390	1
test	7	Picture	shock1	15012	0	1	167	1	0	20	other	0
test	7	Response	1	16741	1729	1
test	8	Picture	pain_rating	18348	0	1	667	1	0	next	other	0
test	8	Response	1	18902	555	1
test	9	Picture	shock1	19015	0	1	167	1	0	20	other	0
test	9	Response	1	20421	1406	1
test	10	Picture	pain_rating	22351	0	1	3836	1	0	next	other	0
test	10	Response	1	26102	3751	1
test	11	Picture	shock1	26187	0	1	167	1	0	20	other	0
test	12	Picture	pain_rating	29523	0	1	5618	1	0	next	other	0
test	12	Response	2	31221	1698	1
